Logged in as Obsidian#0114 (ID: 1461077719285760135)
------
Running scheduled report...
Error reading thread Rediseño oficina: 403 Forbidden (error code: 50001): Missing Access
Error reading thread Firmas correo mida.mx: 403 Forbidden (error code: 50001): Missing Access
Error reading thread [EMERALD] - Hackathon "Fresh, Relax & Dev" (MLH & Campaña Redes): 403 Forbidden (error code: 50001): Missing Access
Error reading thread Missing flow to profile tab: 403 Forbidden (error code: 50001): Missing Access
Error reading thread [VEXIA] - Rediseño de Producto e Identidad: Transformando análisis de video en tiempo real: 403 Forbidden (error code: 50001): Missing Access
Error reading thread RECARGAS PARA INTERNET: 403 Forbidden (error code: 50001): Missing Access
Error reading thread SERVICIO SOCIAL: 403 Forbidden (error code: 50001): Missing Access
Error reading thread Publicación Revista Enero: 403 Forbidden (error code: 50001): Missing Access
Error reading thread Recetario Emerald: 403 Forbidden (error code: 50001): Missing Access
Error reading thread Playeras Emerald: 403 Forbidden (error code: 50001): Missing Access
Error reading thread Caskrapp, cambios en el producto: 403 Forbidden (error code: 50001): Missing Access
Error reading thread Torneo de grupos en 2 etapas: 403 Forbidden (error code: 50001): Missing Access
Report finished. Closing bot...
Logged in as Obsidian#0114 (ID: 1461077719285760135)
------
Running scheduled report...
Error reading thread Rediseño oficina: 403 Forbidden (error code: 50001): Missing Access
Error reading thread Firmas correo mida.mx: 403 Forbidden (error code: 50001): Missing Access
Error reading thread [EMERALD] - Hackathon "Fresh, Relax & Dev" (MLH & Campaña Redes): 403 Forbidden (error code: 50001): Missing Access
Error reading thread Missing flow to profile tab: 403 Forbidden (error code: 50001): Missing Access
Error reading thread [VEXIA] - Rediseño de Producto e Identidad: Transformando análisis de video en tiempo real: 403 Forbidden (error code: 50001): Missing Access
Error reading thread Torneo de grupos en 2 etapas: 403 Forbidden (error code: 50001): Missing Access
Report finished. Closing bot...
Logged in as Obsidian#0114 (ID: 1461077719285760135)
------
Running scheduled report...
Logged in as Obsidian#0114 (ID: 1461077719285760135)
------
Running scheduled report...
Error reading thread Rediseño oficina: 403 Forbidden (error code: 50001): Missing Access
Error reading thread Firmas correo mida.mx: 403 Forbidden (error code: 50001): Missing Access
Error reading thread [EMERALD] - Hackathon "Fresh, Relax & Dev" (MLH & Campaña Redes): 403 Forbidden (error code: 50001): Missing Access
Error reading thread Rediseño oficina: 403 Forbidden (error code: 50001): Missing Access
Error reading thread Missing flow to profile tab: 403 Forbidden (error code: 50001): Missing Access
Error reading thread Firmas correo mida.mx: 403 Forbidden (error code: 50001): Missing Access
Error reading thread [VEXIA] - Rediseño de Producto e Identidad: Transformando análisis de video en tiempo real: 403 Forbidden (error code: 50001): Missing Access
Error reading thread [EMERALD] - Hackathon "Fresh, Relax & Dev" (MLH & Campaña Redes): 403 Forbidden (error code: 50001): Missing Access
Error reading thread Missing flow to profile tab: 403 Forbidden (error code: 50001): Missing Access
Error reading thread [VEXIA] - Rediseño de Producto e Identidad: Transformando análisis de video en tiempo real: 403 Forbidden (error code: 50001): Missing Access
Error reading thread Torneo de grupos en 2 etapas: 403 Forbidden (error code: 50001): Missing Access
Report finished. Closing bot...
Logged in as Obsidian#0114 (ID: 1461077719285760135)
------
Running scheduled report...
Error reading thread Rediseño oficina: 403 Forbidden (error code: 50001): Missing Access
Error reading thread Firmas correo mida.mx: 403 Forbidden (error code: 50001): Missing Access
Error reading thread [EMERALD] - Hackathon "Fresh, Relax & Dev" (MLH & Campaña Redes): 403 Forbidden (error code: 50001): Missing Access
Error reading thread Missing flow to profile tab: 403 Forbidden (error code: 50001): Missing Access
Error reading thread [VEXIA] - Rediseño de Producto e Identidad: Transformando análisis de video en tiempo real: 403 Forbidden (error code: 50001): Missing Access
Error reading thread Torneo de grupos en 2 etapas: 403 Forbidden (error code: 50001): Missing Access
Report finished. Closing bot...
Logged in as Obsidian#0114 (ID: 1461077719285760135)
------
Running scheduled report...
Error reading thread Rediseño oficina: 403 Forbidden (error code: 50001): Missing Access
Error reading thread Firmas correo mida.mx: 403 Forbidden (error code: 50001): Missing Access
Error reading thread [EMERALD] - Hackathon "Fresh, Relax & Dev" (MLH & Campaña Redes): 403 Forbidden (error code: 50001): Missing Access
Error reading thread Missing flow to profile tab: 403 Forbidden (error code: 50001): Missing Access
Error reading thread [VEXIA] - Rediseño de Producto e Identidad: Transformando análisis de video en tiempo real: 403 Forbidden (error code: 50001): Missing Access
Error reading thread Envío de cotización – Recetario Emerald: 403 Forbidden (error code: 50001): Missing Access
Error reading thread Torneo de grupos en 2 etapas: 403 Forbidden (error code: 50001): Missing Access
Report finished. Closing bot...
